<?xml version="1.0" encoding="UTF-8"?>
<!-- Generated by org.testng.reporters.JUnitReportReporter -->
<testsuite skipped="0" hostname="VAPS" name="mavenPackage.testClass" tests="1" failures="0" timestamp="2020-03-16T17:47:26 IST" time="6.974" errors="0">
  <testcase name="url" time="6.974" classname="mavenPackage.testClass"/>
  <system-out/>
</testsuite> <!-- mavenPackage.testClass -->
