<?xml version="1.0" encoding="UTF-8"?>
<!-- Generated by org.testng.reporters.JUnitReportReporter -->
<testsuite skipped="0" hostname="VAPS" name="Package.sample" tests="1" failures="0" timestamp="2020-10-30T19:08:19 IST" time="6.854" errors="0">
  <testcase name="VerifyPageTitle" time="6.854" classname="Package.sample"/>
  <system-out/>
</testsuite> <!-- Package.sample -->
