<?xml version="1.0" encoding="UTF-8"?>
<!-- Generated by org.testng.reporters.JUnitReportReporter -->
<testsuite skipped="0" hostname="VAPS" name="TestCases.VerifyLoginPage" tests="4" failures="0" timestamp="2020-10-12T18:34:39 IST" time="9.003" errors="0">
  <testcase name="Login" time="2.283" classname="TestCases.VerifyLoginPage"/>
  <system-out/>
  <testcase name="Login" time="2.319" classname="TestCases.VerifyLoginPage"/>
  <system-out/>
  <testcase name="Login" time="2.535" classname="TestCases.VerifyLoginPage"/>
  <system-out/>
  <testcase name="Login" time="1.866" classname="TestCases.VerifyLoginPage"/>
  <system-out/>
</testsuite> <!-- TestCases.VerifyLoginPage -->
