<?xml version="1.0" encoding="UTF-8"?>
<!-- Generated by org.testng.reporters.JUnitReportReporter -->
<testsuite skipped="0" hostname="VAPS" name="TestCase.VerifyLoginPage" tests="1" failures="0" timestamp="2020-10-17T23:35:17 IST" time="0.356" errors="0">
  <testcase name="Login" time="0.356" classname="TestCase.VerifyLoginPage"/>
  <system-out/>
</testsuite> <!-- TestCase.VerifyLoginPage -->
