<?xml version="1.0" encoding="UTF-8"?>
<!-- Generated by org.testng.reporters.JUnitReportReporter -->
<testsuite skipped="0" hostname="VAPS" name="sample.BuildingsDetailsClass" tests="1" failures="0" timestamp="2020-10-17T23:35:17 IST" time="3.539" errors="0">
  <testcase name="Registration" time="3.539" classname="sample.BuildingsDetailsClass"/>
  <system-out/>
</testsuite> <!-- sample.BuildingsDetailsClass -->
