<?xml version="1.0" encoding="UTF-8"?>
<!-- Generated by org.testng.reporters.JUnitReportReporter -->
<testsuite skipped="0" hostname="VAPS" name="exambleForTestNgGroups.ExambleOfParallelExcecutinInTestNG" tests="3" failures="0" timestamp="2020-09-24T23:25:16 IST" time="0.564" errors="0">
  <testcase name="Test2" time="0.188" classname="exambleForTestNgGroups.ExambleOfParallelExcecutinInTestNG"/>
  <system-out/>
  <testcase name="Test3" time="0.188" classname="exambleForTestNgGroups.ExambleOfParallelExcecutinInTestNG"/>
  <system-out/>
  <testcase name="Test1" time="0.188" classname="exambleForTestNgGroups.ExambleOfParallelExcecutinInTestNG"/>
  <system-out/>
</testsuite> <!-- exambleForTestNgGroups.ExambleOfParallelExcecutinInTestNG -->
