<?xml version="1.0" encoding="UTF-8"?>
<!-- Generated by org.testng.reporters.JUnitReportReporter -->
<testsuite skipped="0" hostname="VAPS" name="exambleForTestNgGroups.AssertionExamble" tests="1" failures="0" timestamp="2020-04-07T01:04:46 IST" time="0.011" errors="0">
  <testcase name="sample" time="0.011" classname="exambleForTestNgGroups.AssertionExamble"/>
  <system-out/>
</testsuite> <!-- exambleForTestNgGroups.AssertionExamble -->
