<?xml version="1.0" encoding="UTF-8"?>
<!-- Generated by org.testng.reporters.JUnitReportReporter -->
<testsuite skipped="0" hostname="VAPS" name="exambleForTestNgGroups.ExambleHierachyTEstNG" tests="2" failures="0" timestamp="2020-09-24T23:32:03 IST" time="0.000" errors="0">
  <testcase name="SecondTest" time="0.000" classname="exambleForTestNgGroups.ExambleHierachyTEstNG"/>
  <system-out/>
  <testcase name="FirstTest" time="0.000" classname="exambleForTestNgGroups.ExambleHierachyTEstNG"/>
  <system-out/>
</testsuite> <!-- exambleForTestNgGroups.ExambleHierachyTEstNG -->
