<?xml version="1.0" encoding="UTF-8"?>
<!-- Generated by org.testng.reporters.JUnitReportReporter -->
<testsuite skipped="0" hostname="VAPS" name="exambleForTestNgGroups.NewTest" tests="2" failures="0" timestamp="2020-04-07T01:10:30 IST" time="0.012" errors="0">
  <testcase name="SecondTest" time="0.004" classname="exambleForTestNgGroups.NewTest"/>
  <system-out/>
  <testcase name="FirstTest" time="0.008" classname="exambleForTestNgGroups.NewTest"/>
  <system-out/>
</testsuite> <!-- exambleForTestNgGroups.NewTest -->
