<?xml version="1.0" encoding="UTF-8"?>
<!-- Generated by org.testng.reporters.JUnitReportReporter -->
<testsuite skipped="0" hostname="VAPS" name="exambleForTestNgGroups.ExambleOfTestNgGroup" tests="2" failures="0" timestamp="2020-09-22T09:13:07 IST" time="0.012" errors="0">
  <testcase name="Lenovo2" time="0.003" classname="exambleForTestNgGroups.ExambleOfTestNgGroup"/>
  <system-out/>
  <testcase name="Lenovo1" time="0.009" classname="exambleForTestNgGroups.ExambleOfTestNgGroup"/>
  <system-out/>
</testsuite> <!-- exambleForTestNgGroups.ExambleOfTestNgGroup -->
