<?xml version="1.0" encoding="UTF-8"?>
<!-- Generated by org.testng.reporters.JUnitReportReporter -->
<testsuite skipped="0" hostname="VAPS" name="exambleForTestNgGroups.ExambleForParameters" tests="1" failures="0" timestamp="2020-04-06T22:30:19 IST" time="0.000" errors="0">
  <testcase name="UserName" time="0.000" classname="exambleForTestNgGroups.ExambleForParameters"/>
  <system-out/>
</testsuite> <!-- exambleForTestNgGroups.ExambleForParameters -->
