<?xml version="1.0" encoding="UTF-8"?>
<!-- Generated by org.testng.reporters.JUnitReportReporter -->
<testsuite skipped="0" hostname="VAPS" name="testCases.VerifyPendingLeaveRequest" tests="1" failures="0" timestamp="2020-04-05T20:58:59 IST" time="3.822" errors="0">
  <testcase name="verifyPendingLeaves" time="3.822" classname="testCases.VerifyPendingLeaveRequest"/>
  <system-out/>
</testsuite> <!-- testCases.VerifyPendingLeaveRequest -->
