<?xml version="1.0" encoding="UTF-8"?>
<!-- Generated by org.testng.reporters.JUnitReportReporter -->
<testsuite skipped="0" hostname="VAPS" name="testCases.VerifyUserRole" tests="1" failures="0" timestamp="2020-04-05T20:58:59 IST" time="2.073" errors="0">
  <testcase name="VerifyUserRolesandStatus" time="2.073" classname="testCases.VerifyUserRole"/>
  <system-out/>
</testsuite> <!-- testCases.VerifyUserRole -->
