<?xml version="1.0" encoding="UTF-8"?>
<!-- Generated by org.testng.reporters.JUnitReportReporter -->
<testsuite skipped="0" hostname="VAPS" name="selenium_learning.DownloadAndVerify" tests="1" failures="0" timestamp="2020-01-22T13:35:39 IST" time="6.599" errors="0">
  <testcase name="Method" time="6.599" classname="selenium_learning.DownloadAndVerify"/>
</testsuite> <!-- selenium_learning.DownloadAndVerify -->
