<?xml version="1.0" encoding="UTF-8"?>
<!-- Generated by org.testng.reporters.JUnitReportReporter -->
<testsuite skipped="0" hostname="VAPS" name="selenium_learning.ExmbleOfTestngDependsOnMethod" tests="3" failures="0" timestamp="2020-04-05T21:21:34 IST" time="0.000" errors="0">
  <testcase name="Studied_College" time="0.000" classname="selenium_learning.ExmbleOfTestngDependsOnMethod"/>
  <system-out/>
  <testcase name="Studied_highSchool" time="0.000" classname="selenium_learning.ExmbleOfTestngDependsOnMethod"/>
  <system-out/>
  <testcase name="Studied_higher_Secondary" time="0.000" classname="selenium_learning.ExmbleOfTestngDependsOnMethod"/>
  <system-out/>
</testsuite> <!-- selenium_learning.ExmbleOfTestngDependsOnMethod -->
