<?xml version="1.0" encoding="UTF-8"?>
<!-- Generated by org.testng.reporters.JUnitReportReporter -->
<testsuite skipped="0" hostname="VAPS" name="selenium_learning.WorkWithExacel" tests="1" failures="0" timestamp="2020-01-11T04:11:15 PST" time="10.326" errors="0">
  <testcase name="loginPage" time="10.326" classname="selenium_learning.WorkWithExacel"/>
</testsuite> <!-- selenium_learning.WorkWithExacel -->
