<?xml version="1.0" encoding="UTF-8"?>
<!-- Generated by org.testng.reporters.JUnitReportReporter -->
<testsuite skipped="0" hostname="VAPS" name="InterViewQuestions.MultipleTimeExecuteTestCase" tests="1" failures="0" timestamp="2020-04-21T00:18:02 IST" time="2.017" errors="0">
  <testcase name="test1" time="2.017" classname="InterViewQuestions.MultipleTimeExecuteTestCase"/>
  <system-out/>
</testsuite> <!-- InterViewQuestions.MultipleTimeExecuteTestCase -->
