<?xml version="1.0" encoding="UTF-8"?>
<!-- Generated by org.testng.reporters.JUnitReportReporter -->
<testsuite skipped="0" hostname="VAPS" name="testNGParallelConcepts.ParallelExample1" tests="1" failures="0" timestamp="2020-09-24T21:15:37 IST" time="0.012" errors="0">
  <testcase name="testCaseTwo" time="0.012" classname="testNGParallelConcepts.ParallelExample1"/>
  <system-out/>
</testsuite> <!-- testNGParallelConcepts.ParallelExample1 -->
