<?xml version="1.0" encoding="UTF-8"?>
<!-- Generated by org.testng.reporters.JUnitReportReporter -->
<testsuite skipped="0" hostname="VAPS" name="DataDriven.WrongUserName" tests="1" failures="0" timestamp="2020-09-19T07:43:49 IST" time="7.605" errors="0">
  <testcase name="Wrong_UserName" time="7.605" classname="DataDriven.WrongUserName"/>
  <system-out/>
</testsuite> <!-- DataDriven.WrongUserName -->
