<?xml version="1.0" encoding="UTF-8"?>
<!-- Generated by org.testng.reporters.JUnitReportReporter -->
<testsuite skipped="0" hostname="VAPS" name="APIAutomationUsingJava.net.GetMethodUsingJava" tests="1" failures="0" timestamp="2020-10-26T18:42:46 IST" time="0.924" errors="0">
  <testcase name="getMethod" time="0.924" classname="APIAutomationUsingJava.net.GetMethodUsingJava"/>
  <system-out/>
</testsuite> <!-- APIAutomationUsingJava.net.GetMethodUsingJava -->
