<?xml version="1.0" encoding="UTF-8"?>
<!-- Generated by org.testng.reporters.JUnitReportReporter -->
<testsuite skipped="0" hostname="VAPS" name="testNGParallelConcepts.ParallelExecution" tests="1" failures="0" timestamp="2020-09-24T21:15:37 IST" time="0.009" errors="0">
  <testcase name="testCaseOne" time="0.009" classname="testNGParallelConcepts.ParallelExecution"/>
  <system-out/>
</testsuite> <!-- testNGParallelConcepts.ParallelExecution -->
