<?xml version="1.0" encoding="UTF-8"?>
<!-- Generated by org.testng.reporters.JUnitReportReporter -->
<testsuite skipped="0" hostname="VAPS" name="APIAutomationUsingJava.net.GetMeehodUsingJava" tests="1" failures="0" timestamp="2020-10-26T18:24:34 IST" time="0.868" errors="0">
  <testcase name="getMethod" time="0.868" classname="APIAutomationUsingJava.net.GetMeehodUsingJava"/>
  <system-out/>
</testsuite> <!-- APIAutomationUsingJava.net.GetMeehodUsingJava -->
