<?xml version="1.0" encoding="UTF-8"?>
<!-- Generated by org.testng.reporters.JUnitReportReporter -->
<testsuite skipped="0" hostname="VAPS" name="DataDriven.SampleTest" tests="7" failures="0" timestamp="2020-10-10T00:04:37 IST" time="10.433" errors="0">
  <testcase name="CRM_LOGIN" time="0.869" classname="DataDriven.SampleTest"/>
  <system-out/>
  <testcase name="CRM_LOGIN" time="1.151" classname="DataDriven.SampleTest"/>
  <system-out/>
  <testcase name="CRM_LOGIN" time="1.175" classname="DataDriven.SampleTest"/>
  <system-out/>
  <testcase name="CRM_LOGIN" time="0.813" classname="DataDriven.SampleTest"/>
  <system-out/>
  <testcase name="CRM_LOGIN" time="0.850" classname="DataDriven.SampleTest"/>
  <system-out/>
  <testcase name="CRM_LOGIN" time="0.846" classname="DataDriven.SampleTest"/>
  <system-out/>
  <testcase name="CRM_LOGIN" time="4.729" classname="DataDriven.SampleTest"/>
  <system-out/>
</testsuite> <!-- DataDriven.SampleTest -->
