<?xml version="1.0" encoding="UTF-8"?>
<!-- Generated by org.testng.reporters.JUnitReportReporter -->
<testsuite skipped="0" hostname="VAPS" name="testNGHierarchy.TestNgHierachy1" tests="2" failures="0" timestamp="2020-09-25T07:59:19 IST" time="0.000" errors="0">
  <testcase name="TestCase1" time="0.000" classname="testNGHierarchy.TestNgHierachy1"/>
  <system-out/>
  <testcase name="TestCase2" time="0.000" classname="testNGHierarchy.TestNgHierachy1"/>
  <system-out/>
</testsuite> <!-- testNGHierarchy.TestNgHierachy1 -->
