<?xml version="1.0" encoding="UTF-8"?>
<!-- Generated by org.testng.reporters.JUnitReportReporter -->
<testsuite skipped="0" hostname="VAPS" name="testNGConcepts.UsingBeforeAndAfterSuite" tests="3" failures="0" timestamp="2020-09-22T07:13:49 IST" time="4.516" errors="0">
  <testcase name="openYahoo" time="1.963" classname="testNGConcepts.UsingBeforeAndAfterSuite"/>
  <system-out/>
  <testcase name="openBing" time="0.515" classname="testNGConcepts.UsingBeforeAndAfterSuite"/>
  <system-out/>
  <testcase name="openGoogle" time="2.038" classname="testNGConcepts.UsingBeforeAndAfterSuite"/>
  <system-out/>
</testsuite> <!-- testNGConcepts.UsingBeforeAndAfterSuite -->
