<?xml version="1.0" encoding="UTF-8"?>
<!-- Generated by org.testng.reporters.JUnitReportReporter -->
<testsuite skipped="0" hostname="VAPS" name="DataDriven.BothIncorrect" tests="1" failures="0" timestamp="2020-09-19T07:43:49 IST" time="10.855" errors="0">
  <testcase name="Both_Incorrect" time="10.855" classname="DataDriven.BothIncorrect"/>
  <system-out/>
</testsuite> <!-- DataDriven.BothIncorrect -->
