<?xml version="1.0" encoding="UTF-8"?>
<!-- Generated by org.testng.reporters.JUnitReportReporter -->
<testsuite skipped="0" hostname="VAPS" name="testNGHierarchy.TestNGHierarchy1" tests="3" failures="0" timestamp="2020-09-25T07:48:23 IST" time="0.000" errors="0">
  <testcase name="TestCase3" time="0.000" classname="testNGHierarchy.TestNGHierarchy1"/>
  <system-out/>
  <testcase name="TestCase1" time="0.000" classname="testNGHierarchy.TestNGHierarchy1"/>
  <system-out/>
  <testcase name="TestCase2" time="0.000" classname="testNGHierarchy.TestNGHierarchy1"/>
  <system-out/>
</testsuite> <!-- testNGHierarchy.TestNGHierarchy1 -->
