<?xml version="1.0" encoding="UTF-8"?>
<!-- Generated by org.testng.reporters.JUnitReportReporter -->
<testsuite skipped="0" hostname="VAPS" name="APIAutomationUsingJava.net.PostMethodUsingjava" tests="1" failures="0" timestamp="2020-10-26T19:26:20 IST" time="1.093" errors="0">
  <testcase name="postMethod" time="1.093" classname="APIAutomationUsingJava.net.PostMethodUsingjava"/>
  <system-out/>
</testsuite> <!-- APIAutomationUsingJava.net.PostMethodUsingjava -->
