<?xml version="1.0" encoding="UTF-8"?>
<!-- Generated by org.testng.reporters.JUnitReportReporter -->
<testsuite skipped="0" hostname="VAPS" name="testNGConcepts.DependencyConcept" tests="3" failures="0" timestamp="2020-09-21T09:08:04 IST" time="0.010" errors="0">
  <testcase name="highSchool" time="0.007" classname="testNGConcepts.DependencyConcept"/>
  <system-out/>
  <testcase name="higherSecondary" time="0.002" classname="testNGConcepts.DependencyConcept"/>
  <system-out/>
  <testcase name="college" time="0.001" classname="testNGConcepts.DependencyConcept"/>
  <system-out/>
</testsuite> <!-- testNGConcepts.DependencyConcept -->
