<?xml version="1.0" encoding="UTF-8"?>
<!-- Generated by org.testng.reporters.JUnitReportReporter -->
<testsuite skipped="0" hostname="VAPS" name="testNGParallelConcepts.ParallelExample2" tests="1" failures="0" timestamp="2020-09-24T21:15:37 IST" time="0.011" errors="0">
  <testcase name="testCaseThree" time="0.011" classname="testNGParallelConcepts.ParallelExample2"/>
  <system-out/>
</testsuite> <!-- testNGParallelConcepts.ParallelExample2 -->
