<?xml version="1.0" encoding="UTF-8"?>
<!-- Generated by org.testng.reporters.JUnitReportReporter -->
<testsuite skipped="0" hostname="VAPS" name="POMTestCases.LodinTestCase" tests="1" failures="0" timestamp="2020-08-20T13:43:51 IST" time="10.330" errors="0">
  <testcase name="loginTest" time="10.330" classname="POMTestCases.LodinTestCase"/>
  <system-out/>
</testsuite> <!-- POMTestCases.LodinTestCase -->
