<?xml version="1.0" encoding="UTF-8"?>
<!-- Generated by org.testng.reporters.JUnitReportReporter -->
<testsuite skipped="0" hostname="VAPS" name="DataDriven.testClass" tests="4" failures="0" timestamp="2020-10-08T18:29:51 IST" time="71.331" errors="0">
  <testcase name="CRM_LOGIN" time="0.886" classname="DataDriven.testClass"/>
  <system-out/>
  <testcase name="CRM_LOGIN" time="0.867" classname="DataDriven.testClass"/>
  <system-out/>
  <testcase name="CRM_LOGIN" time="69.019" classname="DataDriven.testClass"/>
  <system-out/>
  <testcase name="CRM_LOGIN" time="0.559" classname="DataDriven.testClass"/>
  <system-out/>
</testsuite> <!-- DataDriven.testClass -->
