<?xml version="1.0" encoding="UTF-8"?>
<!-- Generated by org.testng.reporters.JUnitReportReporter -->
<testsuite skipped="0" hostname="VAPS" name="testNGConcepts.ParallelExecution" tests="1" failures="0" timestamp="2020-09-23T22:15:47 IST" time="0.016" errors="0">
  <testcase name="testCaseOne" time="0.016" classname="testNGConcepts.ParallelExecution"/>
  <system-out/>
</testsuite> <!-- testNGConcepts.ParallelExecution -->
