<?xml version="1.0" encoding="UTF-8"?>
<!-- Generated by org.testng.reporters.JUnitReportReporter -->
<testsuite skipped="0" hostname="VAPS" name="DataDriven.BothCorrect" tests="1" failures="0" timestamp="2020-09-19T07:43:49 IST" time="18.115" errors="0">
  <testcase name="Both_Correct" time="18.115" classname="DataDriven.BothCorrect"/>
  <system-out/>
</testsuite> <!-- DataDriven.BothCorrect -->
