<?xml version="1.0" encoding="UTF-8"?>
<!-- Generated by org.testng.reporters.JUnitReportReporter -->
<testsuite skipped="0" hostname="VAPS" name="APIAutomationUsingJava.net.DeleteMethodUsingJava" tests="3" failures="0" timestamp="2020-10-26T20:05:46 IST" time="2.556" errors="0">
  <testcase name="postMethod" time="0.960" classname="APIAutomationUsingJava.net.DeleteMethodUsingJava"/>
  <system-out/>
  <testcase name="PutMethos" time="0.806" classname="APIAutomationUsingJava.net.DeleteMethodUsingJava"/>
  <system-out/>
  <testcase name="DeleteMethos" time="0.790" classname="APIAutomationUsingJava.net.DeleteMethodUsingJava"/>
  <system-out/>
</testsuite> <!-- APIAutomationUsingJava.net.DeleteMethodUsingJava -->
