<?xml version="1.0" encoding="UTF-8"?>
<!-- Generated by org.testng.reporters.JUnitReportReporter -->
<testsuite skipped="0" hostname="VAPS" name="testNGConcepts.groupingExample" tests="1" failures="0" timestamp="2020-09-22T09:18:27 IST" time="0.007" errors="0">
  <testcase name="test1" time="0.007" classname="testNGConcepts.groupingExample"/>
  <system-out/>
</testsuite> <!-- testNGConcepts.groupingExample -->
