<?xml version="1.0" encoding="UTF-8"?>
<!-- Generated by org.testng.reporters.JUnitReportReporter -->
<testsuite skipped="0" hostname="VAPS" name="testNGConcepts.UsingPriority" tests="5" failures="0" timestamp="2020-09-21T08:32:17 IST" time="0.014" errors="0">
  <testcase name="startTheCar" time="0.008" classname="testNGConcepts.UsingPriority"/>
  <system-out/>
  <testcase name="putFirstGear" time="0.002" classname="testNGConcepts.UsingPriority"/>
  <system-out/>
  <testcase name="putSecondGear" time="0.001" classname="testNGConcepts.UsingPriority"/>
  <system-out/>
  <testcase name="putThirdGear" time="0.001" classname="testNGConcepts.UsingPriority"/>
  <system-out/>
  <testcase name="putFourthGear" time="0.002" classname="testNGConcepts.UsingPriority"/>
  <system-out/>
</testsuite> <!-- testNGConcepts.UsingPriority -->
