<?xml version="1.0" encoding="UTF-8"?>
<!-- Generated by org.testng.reporters.JUnitReportReporter -->
<testsuite skipped="0" hostname="VAPS" name="testNGParallelConcepts.ParallelMethod" tests="2" failures="0" timestamp="2020-09-24T21:24:14 IST" time="0.018" errors="0">
  <testcase name="testCaseThree" time="0.009" classname="testNGParallelConcepts.ParallelMethod"/>
  <system-out/>
  <testcase name="testCaseOne" time="0.009" classname="testNGParallelConcepts.ParallelMethod"/>
  <system-out/>
</testsuite> <!-- testNGParallelConcepts.ParallelMethod -->
