<?xml version="1.0" encoding="UTF-8"?>
<!-- Generated by org.testng.reporters.JUnitReportReporter -->
<testsuite skipped="0" hostname="VAPS" name="chromeAndFireFoxOptions.ChromeOptionsToDownloadDesiredLocation" tests="1" failures="0" timestamp="2020-08-02T00:28:26 IST" time="4.470" errors="0">
  <testcase name="fileToDownload" time="4.470" classname="chromeAndFireFoxOptions.ChromeOptionsToDownloadDesiredLocation"/>
  <system-out/>
</testsuite> <!-- chromeAndFireFoxOptions.ChromeOptionsToDownloadDesiredLocation -->
