<?xml version="1.0" encoding="UTF-8"?>
<!-- Generated by org.testng.reporters.JUnitReportReporter -->
<testsuite skipped="0" hostname="VAPS" name="testNGHierarchy.TestNgHierarchy2" tests="1" failures="0" timestamp="2020-09-25T07:59:19 IST" time="0.000" errors="0">
  <testcase name="TestCase3" time="0.000" classname="testNGHierarchy.TestNgHierarchy2"/>
  <system-out/>
</testsuite> <!-- testNGHierarchy.TestNgHierarchy2 -->
