<?xml version="1.0" encoding="UTF-8"?>
<!-- Generated by org.testng.reporters.JUnitReportReporter -->
<testsuite skipped="0" hostname="VAPS" name="APIAutomationUsingJava.net.PutMethodUsingJava" tests="2" failures="0" timestamp="2020-10-26T19:56:52 IST" time="1.894" errors="0">
  <testcase name="PutMethos" time="0.868" classname="APIAutomationUsingJava.net.PutMethodUsingJava"/>
  <system-out/>
  <testcase name="postMethod" time="1.026" classname="APIAutomationUsingJava.net.PutMethodUsingJava"/>
  <system-out/>
</testsuite> <!-- APIAutomationUsingJava.net.PutMethodUsingJava -->
