<?xml version="1.0" encoding="UTF-8"?>
<!-- Generated by org.testng.reporters.JUnitReportReporter -->
<testsuite skipped="0" hostname="VAPS" name="testNGParallelConcepts.ParallelClass3" tests="1" failures="0" timestamp="2020-09-24T23:19:30 IST" time="0.000" errors="0">
  <testcase name="testCaseThree" time="0.000" classname="testNGParallelConcepts.ParallelClass3"/>
  <system-out/>
</testsuite> <!-- testNGParallelConcepts.ParallelClass3 -->
