<?xml version="1.0" encoding="UTF-8"?>
<!-- Generated by org.testng.reporters.JUnitReportReporter -->
<testsuite skipped="0" hostname="VAPS" name="DataDriven.WrongPassword" tests="1" failures="0" timestamp="2020-09-19T07:43:49 IST" time="7.838" errors="0">
  <testcase name="Wrong_Password" time="7.838" classname="DataDriven.WrongPassword"/>
  <system-out/>
</testsuite> <!-- DataDriven.WrongPassword -->
