<?xml version="1.0" encoding="UTF-8"?>
<!-- Generated by org.testng.reporters.JUnitReportReporter -->
<testsuite skipped="0" hostname="VAPS" name="testNGConcepts.ParallelExample2" tests="1" failures="0" timestamp="2020-09-23T22:15:47 IST" time="0.016" errors="0">
  <testcase name="testCaseThree" time="0.016" classname="testNGConcepts.ParallelExample2"/>
  <system-out/>
</testsuite> <!-- testNGConcepts.ParallelExample2 -->
