<?xml version="1.0" encoding="UTF-8"?>
<!-- Generated by org.testng.reporters.JUnitReportReporter -->
<testsuite skipped="0" hostname="VAPS" name="testNGConcepts.ParameterizationEaxmple" tests="2" failures="0" timestamp="2020-09-23T08:30:43 IST" time="0.010" errors="0">
  <testcase name="getUsernameAndPassword" time="0.002" classname="testNGConcepts.ParameterizationEaxmple"/>
  <system-out/>
  <testcase name="getName" time="0.008" classname="testNGConcepts.ParameterizationEaxmple"/>
  <system-out/>
</testsuite> <!-- testNGConcepts.ParameterizationEaxmple -->
